<?xml version="1.0" encoding="UTF-8"?>
<testng-results ignored="0" total="1" passed="0" failed="0" skipped="1">
  <reporter-output>
  </reporter-output>
  <suite started-at="2023-09-20T14:18:24 GMT+05:30" name="Default suite" finished-at="2023-09-20T14:18:31 GMT+05:30" duration-ms="6448">
    <groups>
    </groups>
    <test started-at="2023-09-20T14:18:24 GMT+05:30" name="Default test" finished-at="2023-09-20T14:18:31 GMT+05:30" duration-ms="6448">
      <class name="MyContactFormTestScript">
        <test-method is-config="true" signature="beforeSuite()[pri:0, instance:MyContactFormTestScript@a1153bc]" started-at="2023-09-20T14:18:24 GMT+05:30" name="beforeSuite" finished-at="2023-09-20T14:18:24 GMT+05:30" duration-ms="703" status="PASS">
          <reporter-output>
          </reporter-output>
        </test-method> <!-- beforeSuite -->
        <test-method is-config="true" signature="setDriver()[pri:0, instance:MyContactFormTestScript@a1153bc]" started-at="2023-09-20T14:18:24 GMT+05:30" name="setDriver" finished-at="2023-09-20T14:18:29 GMT+05:30" duration-ms="5153" status="FAIL">
          <exception class="org.openqa.selenium.remote.http.ConnectionFailedException">
            <message>
              <![CDATA[Unable to establish websocket connection to http://localhost:53584/devtools/browser/98a1a289-3f12-4c61-b2b7-0cce7b3d06c6
Build info: version: '4.1.0', revision: '87802e897b'
System info: host: 'ATMECSBLRLT-082', ip: '50.50.20.176', os.name: 'Windows 10', os.arch: 'amd64', os.version: '10.0', java.version: '17.0.7'
Driver info: driver.version: ChromeDriver]]>
            </message>
            <full-stacktrace>
              <![CDATA[org.openqa.selenium.remote.http.ConnectionFailedException: Unable to establish websocket connection to http://localhost:53584/devtools/browser/98a1a289-3f12-4c61-b2b7-0cce7b3d06c6
Build info: version: '4.1.0', revision: '87802e897b'
System info: host: 'ATMECSBLRLT-082', ip: '50.50.20.176', os.name: 'Windows 10', os.arch: 'amd64', os.version: '10.0', java.version: '17.0.7'
Driver info: driver.version: ChromeDriver
at org.openqa.selenium.remote.http.netty.NettyWebSocket.<init>(NettyWebSocket.java:104)
at org.openqa.selenium.remote.http.netty.NettyWebSocket.lambda$create$3(NettyWebSocket.java:137)
at org.openqa.selenium.remote.http.netty.NettyClient.openSocket(NettyClient.java:116)
at org.openqa.selenium.devtools.Connection.<init>(Connection.java:77)
at org.openqa.selenium.chromium.ChromiumDriver.lambda$new$2(ChromiumDriver.java:124)
at java.base/java.util.Optional.map(Optional.java:260)
at org.openqa.selenium.chromium.ChromiumDriver.<init>(ChromiumDriver.java:122)
at org.openqa.selenium.chrome.ChromeDriver.<init>(ChromeDriver.java:106)
at org.openqa.selenium.chrome.ChromeDriver.<init>(ChromeDriver.java:93)
at org.openqa.selenium.chrome.ChromeDriver.<init>(ChromeDriver.java:48)
at Base.BaseClass.LaunchApp(BaseClass.java:52)
at MyContactFormTestScript.setDriver(MyContactFormTestScript.java:30)
at java.base/jdk.internal.reflect.NativeMethodAccessorImpl.invoke0(Native Method)
at java.base/jdk.internal.reflect.NativeMethodAccessorImpl.invoke(NativeMethodAccessorImpl.java:77)
at java.base/jdk.internal.reflect.DelegatingMethodAccessorImpl.invoke(DelegatingMethodAccessorImpl.java:43)
at java.base/java.lang.reflect.Method.invoke(Method.java:568)
at org.testng.internal.MethodInvocationHelper.invokeMethod(MethodInvocationHelper.java:133)
at org.testng.internal.MethodInvocationHelper.invokeMethodConsideringTimeout(MethodInvocationHelper.java:62)
at org.testng.internal.ConfigInvoker.invokeConfigurationMethod(ConfigInvoker.java:385)
at org.testng.internal.ConfigInvoker.invokeConfigurations(ConfigInvoker.java:321)
at org.testng.TestRunner.invokeTestConfigurations(TestRunner.java:637)
at org.testng.TestRunner.beforeRun(TestRunner.java:627)
at org.testng.TestRunner.run(TestRunner.java:589)
at org.testng.SuiteRunner.runTest(SuiteRunner.java:377)
at org.testng.SuiteRunner.runSequentially(SuiteRunner.java:371)
at org.testng.SuiteRunner.privateRun(SuiteRunner.java:332)
at org.testng.SuiteRunner.run(SuiteRunner.java:276)
at org.testng.SuiteRunnerWorker.runSuite(SuiteRunnerWorker.java:53)
at org.testng.SuiteRunnerWorker.run(SuiteRunnerWorker.java:96)
at org.testng.TestNG.runSuitesSequentially(TestNG.java:1212)
at org.testng.TestNG.runSuitesLocally(TestNG.java:1134)
at org.testng.TestNG.runSuites(TestNG.java:1063)
at org.testng.TestNG.run(TestNG.java:1031)
at org.testng.remote.AbstractRemoteTestNG.run(AbstractRemoteTestNG.java:115)
at org.testng.remote.RemoteTestNG.initAndRun(RemoteTestNG.java:251)
at org.testng.remote.RemoteTestNG.main(RemoteTestNG.java:77)
]]>
            </full-stacktrace>
          </exception> <!-- org.openqa.selenium.remote.http.ConnectionFailedException -->
          <reporter-output>
          </reporter-output>
        </test-method> <!-- setDriver -->
        <test-method signature="sampleFormPageTest(java.lang.String,java.lang.String,java.lang.String,java.lang.String,java.lang.String,java.lang.String,java.lang.String,java.lang.String,java.lang.String,java.lang.String,java.lang.String,java.lang.String,java.lang.String,java.lang.String)[pri:0, instance:MyContactFormTestScript@a1153bc]" started-at="2023-09-20T14:18:31 GMT+05:30" name="sampleFormPageTest" data-provider="getTestData" finished-at="2023-09-20T14:18:31 GMT+05:30" duration-ms="0" status="SKIP">
          <params>
            <param index="0">
              <value>
                <![CDATA[To enter Contact Form]]>
              </value>
            </param>
            <param index="1">
              <value>
                <![CDATA[dillibabu@gmail.com]]>
              </value>
            </param>
            <param index="2">
              <value>
                <![CDATA[To enter Contact Form]]>
              </value>
            </param>
            <param index="3">
              <value>
                <![CDATA[To enter Contact Form by multiple line]]>
              </value>
            </param>
            <param index="4">
              <value>
                <![CDATA[First Option]]>
              </value>
            </param>
            <param index="5">
              <value>
                <![CDATA[IN]]>
              </value>
            </param>
            <param index="6">
              <value>
                <![CDATA[India]]>
              </value>
            </param>
            <param index="7">
              <value>
                <![CDATA[Newfoundland and Labrador]]>
              </value>
            </param>
            <param index="8">
              <value>
                <![CDATA[Mr.]]>
              </value>
            </param>
            <param index="9">
              <value>
                <![CDATA[Dilli]]>
              </value>
            </param>
            <param index="10">
              <value>
                <![CDATA[Babu]]>
              </value>
            </param>
            <param index="11">
              <value>
                <![CDATA[21.0]]>
              </value>
            </param>
            <param index="12">
              <value>
                <![CDATA[2.0]]>
              </value>
            </param>
            <param index="13">
              <value>
                <![CDATA[2022.0]]>
              </value>
            </param>
          </params>
          <exception class="org.openqa.selenium.remote.http.ConnectionFailedException">
            <message>
              <![CDATA[Unable to establish websocket connection to http://localhost:53584/devtools/browser/98a1a289-3f12-4c61-b2b7-0cce7b3d06c6
Build info: version: '4.1.0', revision: '87802e897b'
System info: host: 'ATMECSBLRLT-082', ip: '50.50.20.176', os.name: 'Windows 10', os.arch: 'amd64', os.version: '10.0', java.version: '17.0.7'
Driver info: driver.version: ChromeDriver]]>
            </message>
            <full-stacktrace>
              <![CDATA[org.openqa.selenium.remote.http.ConnectionFailedException: Unable to establish websocket connection to http://localhost:53584/devtools/browser/98a1a289-3f12-4c61-b2b7-0cce7b3d06c6
Build info: version: '4.1.0', revision: '87802e897b'
System info: host: 'ATMECSBLRLT-082', ip: '50.50.20.176', os.name: 'Windows 10', os.arch: 'amd64', os.version: '10.0', java.version: '17.0.7'
Driver info: driver.version: ChromeDriver
at org.openqa.selenium.remote.http.netty.NettyWebSocket.<init>(NettyWebSocket.java:104)
at org.openqa.selenium.remote.http.netty.NettyWebSocket.lambda$create$3(NettyWebSocket.java:137)
at org.openqa.selenium.remote.http.netty.NettyClient.openSocket(NettyClient.java:116)
at org.openqa.selenium.devtools.Connection.<init>(Connection.java:77)
at org.openqa.selenium.chromium.ChromiumDriver.lambda$new$2(ChromiumDriver.java:124)
at java.base/java.util.Optional.map(Optional.java:260)
at org.openqa.selenium.chromium.ChromiumDriver.<init>(ChromiumDriver.java:122)
at org.openqa.selenium.chrome.ChromeDriver.<init>(ChromeDriver.java:106)
at org.openqa.selenium.chrome.ChromeDriver.<init>(ChromeDriver.java:93)
at org.openqa.selenium.chrome.ChromeDriver.<init>(ChromeDriver.java:48)
at Base.BaseClass.LaunchApp(BaseClass.java:52)
at MyContactFormTestScript.setDriver(MyContactFormTestScript.java:30)
at java.base/jdk.internal.reflect.NativeMethodAccessorImpl.invoke0(Native Method)
at java.base/jdk.internal.reflect.NativeMethodAccessorImpl.invoke(NativeMethodAccessorImpl.java:77)
at java.base/jdk.internal.reflect.DelegatingMethodAccessorImpl.invoke(DelegatingMethodAccessorImpl.java:43)
at java.base/java.lang.reflect.Method.invoke(Method.java:568)
at org.testng.internal.MethodInvocationHelper.invokeMethod(MethodInvocationHelper.java:133)
at org.testng.internal.MethodInvocationHelper.invokeMethodConsideringTimeout(MethodInvocationHelper.java:62)
at org.testng.internal.ConfigInvoker.invokeConfigurationMethod(ConfigInvoker.java:385)
at org.testng.internal.ConfigInvoker.invokeConfigurations(ConfigInvoker.java:321)
at org.testng.TestRunner.invokeTestConfigurations(TestRunner.java:637)
at org.testng.TestRunner.beforeRun(TestRunner.java:627)
at org.testng.TestRunner.run(TestRunner.java:589)
at org.testng.SuiteRunner.runTest(SuiteRunner.java:377)
at org.testng.SuiteRunner.runSequentially(SuiteRunner.java:371)
at org.testng.SuiteRunner.privateRun(SuiteRunner.java:332)
at org.testng.SuiteRunner.run(SuiteRunner.java:276)
at org.testng.SuiteRunnerWorker.runSuite(SuiteRunnerWorker.java:53)
at org.testng.SuiteRunnerWorker.run(SuiteRunnerWorker.java:96)
at org.testng.TestNG.runSuitesSequentially(TestNG.java:1212)
at org.testng.TestNG.runSuitesLocally(TestNG.java:1134)
at org.testng.TestNG.runSuites(TestNG.java:1063)
at org.testng.TestNG.run(TestNG.java:1031)
at org.testng.remote.AbstractRemoteTestNG.run(AbstractRemoteTestNG.java:115)
at org.testng.remote.RemoteTestNG.initAndRun(RemoteTestNG.java:251)
at org.testng.remote.RemoteTestNG.main(RemoteTestNG.java:77)
]]>
            </full-stacktrace>
          </exception> <!-- org.openqa.selenium.remote.http.ConnectionFailedException -->
          <reporter-output>
          </reporter-output>
        </test-method> <!-- sampleFormPageTest -->
        <test-method is-config="true" signature="tearDown()[pri:0, instance:MyContactFormTestScript@a1153bc]" started-at="2023-09-20T14:18:31 GMT+05:30" name="tearDown" finished-at="1970-01-01T05:30:00 GMT+05:30" duration-ms="-1695199711180" status="SKIP">
          <reporter-output>
          </reporter-output>
        </test-method> <!-- tearDown -->
        <test-method is-config="true" signature="afterSuite()[pri:0, instance:MyContactFormTestScript@a1153bc]" started-at="2023-09-20T14:18:31 GMT+05:30" name="afterSuite" finished-at="1970-01-01T05:30:00 GMT+05:30" duration-ms="-1695199711243" status="SKIP">
          <reporter-output>
          </reporter-output>
        </test-method> <!-- afterSuite -->
      </class> <!-- MyContactFormTestScript -->
    </test> <!-- Default test -->
  </suite> <!-- Default suite -->
</testng-results>
